Base path: I:/Program Files/Unity/Editor/Data
Pipe name: \\.\pipe\UnityShaderCompiler-1-708
Cmd: getPlatforms
Cmd: preprocess
  insize=2422 outsize=1168 ok=1
Cmd: compileSnippet
  api=1 type=0 insize=1556 outsize=321 kw= ok=1
Cmd: compileSnippet
  api=1 type=1 insize=1556 outsize=307 kw= ok=1
Cmd: preprocess
  insize=554 outsize=1235 ok=1
Cmd: compileSnippet
  api=1 type=0 insize=4305 outsize=595 kw=DIRECTIONAL SHADOWS_OFF LIGHTMAP_OFF DIRLIGHTMAP_OFF ok=1
Cmd: compileSnippet
  api=1 type=1 insize=4305 outsize=318 kw=DIRECTIONAL SHADOWS_OFF LIGHTMAP_OFF DIRLIGHTMAP_OFF ok=1
Cmd: compileSnippet
  api=1 type=0 insize=2321 outsize=383 kw=POINT ok=1
Cmd: compileSnippet
  api=1 type=1 insize=2321 outsize=421 kw=POINT ok=1
Cmd: compileSnippet
  api=1 type=0 insize=1849 outsize=190 kw= ok=1
Cmd: compileSnippet
  api=1 type=1 insize=1849 outsize=118 kw= ok=1
Cmd: compileSnippet
  api=1 type=0 insize=4057 outsize=639 kw=LIGHTMAP_OFF DIRLIGHTMAP_OFF HDR_LIGHT_PREPASS_OFF ok=1
Cmd: compileSnippet
  api=1 type=1 insize=4057 outsize=296 kw=LIGHTMAP_OFF DIRLIGHTMAP_OFF HDR_LIGHT_PREPASS_OFF ok=1
Cmd: compileSnippet
  api=1 type=0 insize=4305 outsize=190 kw=DIRECTIONAL SHADOWS_OFF LIGHTMAP_ON DIRLIGHTMAP_OFF ok=1
Cmd: compileSnippet
  api=1 type=1 insize=4305 outsize=267 kw=DIRECTIONAL SHADOWS_OFF LIGHTMAP_ON DIRLIGHTMAP_OFF ok=1
Cmd: compileSnippet
  api=1 type=0 insize=2321 outsize=253 kw=DIRECTIONAL ok=1
Cmd: compileSnippet
  api=1 type=1 insize=2321 outsize=286 kw=DIRECTIONAL ok=1
Cmd: compileSnippet
  api=1 type=0 insize=4305 outsize=719 kw=DIRECTIONAL SHADOWS_SCREEN LIGHTMAP_OFF DIRLIGHTMAP_OFF ok=1
Cmd: compileSnippet
  api=1 type=1 insize=4305 outsize=373 kw=DIRECTIONAL SHADOWS_SCREEN LIGHTMAP_OFF DIRLIGHTMAP_OFF ok=1
